2022-08-12T06:06:33.281Z - log: [Package] menu@1.0.0 enable
2022-08-12T06:06:33.284Z - log: [Package] profile@1.0.0 enable
2022-08-12T06:06:33.294Z - log: [Package] project@1.0.2 enable
2022-08-12T06:06:33.298Z - log: [Package] messages@1.0.0 enable
2022-08-12T06:06:33.300Z - log: [Package] program@1.0.0 enable
2022-08-12T06:06:33.305Z - log: [Package] tester@1.0.0 enable
2022-08-12T06:06:33.309Z - log: [Package] preferences@1.0.0 enable
2022-08-12T06:06:33.655Z - log: Setup mods mgr.: 161.751ms
2022-08-12T06:06:33.657Z - log: Profile changed: engine (modules.includeModules: 2d,animation,audio,base,dragon-bones,gfx-webgl,gfx-webgl2,intersection-2d,marionette,particle-2d,physics-2d-box2d,profiler,skeletal-animation,spine,tiled-map,tween,ui,video,webview)
2022-08-12T06:06:33.666Z - verbose: [Engine] QuickCompile engine (320ms)
2022-08-12T06:06:33.667Z - log: [Package] engine@1.0.6 enable
2022-08-12T06:06:34.226Z - log: [Package] programming@1.0.0 enable
2022-08-12T06:06:34.489Z - log: [Package] device@1.0.1 enable
2022-08-12T06:06:34.518Z - log: [Package] ui-kit@1.0.1 enable
2022-08-12T06:06:34.541Z - log: [Package] engine-extends@1.0.0 enable
2022-08-12T06:06:34.588Z - log: [Package] asset-db@1.0.0 enable
2022-08-12T06:06:34.618Z - log: [Package] scene@1.0.0 enable
2022-08-12T06:06:34.727Z - log: [Package] server@1.0.0 enable
2022-08-12T06:06:34.754Z - log: [Package] utils@1.0.0 enable
2022-08-12T06:06:36.844Z - log: [Package] preview@1.0.1 enable
2022-08-12T06:06:36.873Z - log: [Package] animator@1.0.0 enable
2022-08-12T06:06:37.494Z - log: [Package] builder@1.3.2 enable
2022-08-12T06:06:37.519Z - log: [Package] shortcuts@1.0.1 enable
2022-08-12T06:06:37.546Z - log: [Package] animation-graph@1.0.0 enable
2022-08-12T06:06:37.572Z - log: [Package] runtime-dev-tools@1.0.0 enable
2022-08-12T06:06:37.596Z - log: [Package] channel-upload-tools@1.0.0 enable
2022-08-12T06:06:37.627Z - log: [Package] about@1.0.0 enable
2022-08-12T06:06:37.655Z - log: [Package] assets@1.0.0 enable
2022-08-12T06:06:37.685Z - log: [Package] console@1.0.0 enable
2022-08-12T06:06:37.799Z - log: [Package] extension@3.0.16 enable
2022-08-12T06:06:37.811Z - verbose: [AssetDB] Require engine code (616ms)
2022-08-12T06:06:37.828Z - log: [Package] hierarchy@1.0.0 enable
2022-08-12T06:06:37.860Z - log: [Package] inspector@1.0.0 enable
2022-08-12T06:06:37.890Z - log: [Package] lightmap@1.0.4 enable
2022-08-12T06:06:37.919Z - log: [Package] node-library@1.0.1 enable
2022-08-12T06:06:37.946Z - log: [Package] package-asset@1.0.0 enable
2022-08-12T06:06:37.981Z - log: [Package] process@1.0.0 enable
2022-08-12T06:06:38.010Z - log: [Package] reference-image@1.0.0 enable
2022-08-12T06:06:38.034Z - log: [Package] alipay-mini-game@1.0.0 enable
2022-08-12T06:06:38.060Z - log: [Package] android@1.0.0 enable
2022-08-12T06:06:38.087Z - log: [Package] baidu-mini-game@1.0.0 enable
2022-08-12T06:06:38.114Z - log: [Package] bytedance-mini-game@1.0.1 enable
2022-08-12T06:06:38.137Z - log: [Package] cocos-play@1.0.0 enable
2022-08-12T06:06:38.163Z - log: [Package] huawei-agc@1.0.0 enable
2022-08-12T06:06:38.190Z - log: [Package] huawei-quick-game@1.0.0 enable
2022-08-12T06:06:38.587Z - log: [Package] ios@1.0.0 enable
2022-08-12T06:06:38.609Z - log: [Package] ios-app-clip@1.0.0 enable
2022-08-12T06:06:38.636Z - log: [Package] link-sure@1.0.0 enable
2022-08-12T06:06:38.657Z - log: [Package] linux@1.0.0 enable
2022-08-12T06:06:38.680Z - log: [Package] mac@1.0.0 enable
2022-08-12T06:06:38.759Z - log: [Package] native@1.0.0 enable
2022-08-12T06:06:38.782Z - log: [Package] ohos@1.0.0 enable
2022-08-12T06:06:38.807Z - log: [Package] open-harmonyos@1.0.0 enable
2022-08-12T06:06:38.830Z - log: [Package] oppo-mini-game@1.0.0 enable
2022-08-12T06:06:38.855Z - log: [Package] qtt@1.0.0 enable
2022-08-12T06:06:38.882Z - log: [Package] vivo-mini-game@1.0.0 enable
2022-08-12T06:06:38.915Z - log: [Package] web-desktop@1.0.0 enable
2022-08-12T06:06:38.947Z - log: [Package] web-mobile@1.0.0 enable
2022-08-12T06:06:38.981Z - log: [Package] wechatgame@1.0.1 enable
2022-08-12T06:06:39.003Z - log: [Package] windows@1.0.0 enable
2022-08-12T06:06:39.029Z - log: [Package] xiaomi-quick-game@1.0.0 enable
2022-08-12T06:06:39.191Z - log: [Package] cocos-service@3.0.3 enable
2022-08-12T06:06:39.222Z - log: [Package] importer@1.0.0 enable
2022-08-12T06:06:39.397Z - log: [Im-plugin] Check im-plugin version.
2022-08-12T06:06:39.404Z - log: [Package] im-plugin@3.0.8 enable
2022-08-12T06:06:39.543Z - log: [Package] ccdependcycle@1.0.0 enable
2022-08-12T06:06:41.727Z - log: [Im-plugin] No online info of im-plugin.
2022-08-12T06:06:43.941Z - verbose: [Scene] Require engine code (0ms)
2022-08-12T06:06:43.942Z - verbose: [Scene] Startup engine (1ms)
2022-08-12T06:06:43.957Z - log: [Scene] Cocos Creator v3.5.2
2022-08-12T06:06:44.102Z - verbose: [Scene] Open engine (160ms)
2022-08-12T06:06:44.103Z - verbose: [Scene] Configure engine (0ms)
2022-08-12T06:06:44.002Z - info: [Scene] Forward render pipeline initialized.
2022-08-12T06:13:26.662Z - error: [Preview]Uncaught TypeError: Cannot read properties of null (reading 'getGFXTexture') in http://localhost:7456/scripting/engine/bin/.cache/dev/preview/bundled/index.js
2022-08-12T06:14:05.146Z - error: [Preview]Uncaught TypeError: Cannot read properties of null (reading 'getGFXTexture') in http://localhost:7456/scripting/engine/bin/.cache/dev/preview/bundled/index.js
2022-08-12T06:14:35.038Z - error: [Preview]Uncaught TypeError: Cannot read properties of null (reading 'getGFXTexture') in http://localhost:7456/scripting/engine/bin/.cache/dev/preview/bundled/index.js
2022-08-12T06:16:06.317Z - error: [Preview]Uncaught TypeError: Cannot read properties of null (reading 'getGFXTexture') in http://localhost:7456/scripting/engine/bin/.cache/dev/preview/bundled/index.js
2022-08-12T06:29:29.912Z - error: [Preview]Uncaught TypeError: Cannot read properties of null (reading 'getGFXTexture') in http://localhost:7456/scripting/engine/bin/.cache/dev/preview/bundled/index.js
